2020.02.12 19:13:45
Имя: значение не указано
Телефон: fqfqefqf
Адрес страницы: http://lp.local/

2020.02.12 19:19:24
Имя: значение не указано
Телефон: пкииууиу
Адрес страницы: http://lp.local/

2020.02.12 19:28:12
Имя: 34242
Телефон: 234234234
Адрес страницы: http://lp.local/

2020.02.12 19:28:47
Имя: 234324
Телефон: 234234324
Адрес страницы: http://lp.local/

2020.02.12 19:29:17
Имя: 2423423
Телефон: 234234234
Адрес страницы: http://lp.local/

2020.02.12 19:36:03
Имя: 123123123
Телефон: 12312312
Почта: wfwvi@mail.ru
Сообщение: 123123dvs
Адрес страницы: http://lp.local/

2020.02.12 19:36:41
Имя: 132312312
Телефон: gwrvqevwcqc
Адрес страницы: http://lp.local/

2020.02.12 19:37:43
Имя: 1312312
Телефон: 123123123
Дополнительная информация: Услуга №1
Адрес страницы: http://lp.local/

2020.02.12 19:49:45
Имя: значение не указано
Телефон: regwegrwewv
Почта: значение не указано
Сообщение: значение не указано
Адрес страницы: http://lp.local/

2020.02.12 19:50:30
Имя: значение не указано
Телефон: hjkl;kjgfxzxfxghjkl;
Почта: значение не указано
Сообщение: значение не указано
Адрес страницы: http://lp.local/

2020.02.12 19:50:43
Имя: значение не указано
Телефон: dryguiopiuykjfkl
Почта: значение не указано
Сообщение: значение не указано
Адрес страницы: http://lp.local/

2020.02.12 20:30:38
Имя: MC 2134567
Телефон: 4453454335
Почта: значение не указано
Сообщение: значение не указано
Адрес страницы: http://lp.local/

